<?xml version="1.0" encoding="UTF-8"?>
<!-- Generated by org.testng.reporters.JUnitReportReporter -->
<testsuite hostname="Hasan" name="com.gitsonly.GitAutomation" tests="1" failures="0" timestamp="5 Jun 2016 21:40:22 GMT" time="0.016" errors="0">
  <testcase name="TestSeven" time="0.016" classname="com.gitsonly.GitAutomation"/>
</testsuite> <!-- com.gitsonly.GitAutomation -->
