<?xml version="1.0" encoding="UTF-8"?>
<!-- Generated by org.testng.reporters.JUnitReportReporter -->
<testsuite hostname="Hasan" name="com.gitsonly.GitAutomation" tests="5" failures="0" timestamp="5 Jun 2016 21:25:20 GMT" time="0.038" errors="0">
  <testcase name="TestSix" time="0.016" classname="com.gitsonly.GitAutomation"/>
  <testcase name="TestFour" time="0.022" classname="com.gitsonly.GitAutomation"/>
  <testcase name="TestTwo" time="0.000" classname="com.gitsonly.GitAutomation"/>
  <testcase name="TestOne" time="0.000" classname="com.gitsonly.GitAutomation"/>
  <testcase name="TestThree" time="0.000" classname="com.gitsonly.GitAutomation"/>
</testsuite> <!-- com.gitsonly.GitAutomation -->
