<?xml version="1.0" encoding="UTF-8"?>
<!-- Generated by org.testng.reporters.JUnitReportReporter -->
<testsuite hostname="Hasan" name="com.gitsonly.GitAutomation" tests="1" failures="0" timestamp="2 Jun 2016 01:48:39 GMT" time="0.016" errors="0">
  <testcase name="TestOne" time="0.016" classname="com.gitsonly.GitAutomation"/>
</testsuite> <!-- com.gitsonly.GitAutomation -->
