<?xml version="1.0" encoding="UTF-8"?>
<!-- Generated by org.testng.reporters.JUnitReportReporter -->
<testsuite hostname="Tahira" name="com.gitsonly.GitAutomation" tests="1" failures="0" timestamp="5 Jun 2016 21:25:07 GMT" time="0.047" errors="0">
  <testcase name="TestFive" time="0.047" classname="com.gitsonly.GitAutomation"/>
</testsuite> <!-- com.gitsonly.GitAutomation -->
